mads 2.1.7 build 13 (29 Feb 24)
Source: D:\!Delphi\mads\examples\sprites\shanti_2\shape.asm
     1 					opt h-
     2
     3
     4 				@CIRCLE_1
     5  00			  	dta %00000000
     6  18			  	dta %00011000
     7  24			  	dta %00100100
     8  42			  	dta %01000010
     9  40			  	dta %01000000
    10  81			  	dta %10000001
    11  80			  	dta %10000000
    12  80			  	dta %10000000
    13  8B			  	dta %10001011
    14  83			  	dta %10000011
    15  80			  	dta %10000000
    16  42			  	dta %01000010
    17  42			  	dta %01000010
    18  24			  	dta %00100100
    19  18			  	dta %00011000
    20  00			  	dta %00000000
    21
    22 				@CIRCLE_2
    23  00			  	dta %00000000
    24  18			  	dta %00011000
    25  24			  	dta %00100100
    26  42			  	dta %01000010
    27  42			  	dta %01000010
    28  81			  	dta %10000001
    29  80			  	dta %10000000
    30  81			  	dta %10000001
    31  80			  	dta %10000000
    32  88			  	dta %10001000
    33  83			  	dta %10000011
    34  43			  	dta %01000011
    35  40			  	dta %01000000
    36  24			  	dta %00100100
    37  18			  	dta %00011000
    38  00			  	dta %00000000
    39
    40 				@CIRCLE_3
    41  00			  	dta %00000000
    42  18			  	dta %00011000
    43  24			  	dta %00100100
    44  42			  	dta %01000010
    45  42			  	dta %01000010
    46  81			  	dta %10000001
    47  81			  	dta %10000001
    48  81			  	dta %10000001
    49  80			  	dta %10000000
    50  81			  	dta %10000001
    51  88			  	dta %10001000
    52  40			  	dta %01000000
    53  46			  	dta %01000110
    54  26			  	dta %00100110
    55  10			  	dta %00010000
    56  00			  	dta %00000000
    57
    58 				@CIRCLE_4
    59  00			  	dta %00000000
    60  18			  	dta %00011000
    61  24			  	dta %00100100
    62  42			  	dta %01000010
    63  42			  	dta %01000010
    64  81			  	dta %10000001
    65  81			  	dta %10000001
    66  81			  	dta %10000001
    67  81			  	dta %10000001
    68  80			  	dta %10000000
    69  81			  	dta %10000001
    70  48			  	dta %01001000
    71  40			  	dta %01000000
    72  2C			  	dta %00101100
    73  0C			  	dta %00001100
    74  00			  	dta %00000000
    75
    76 				@CIRCLE_5
    77  00			  	dta %00000000
    78  18			  	dta %00011000
    79  24			  	dta %00100100
    80  42			  	dta %01000010
    81  42			  	dta %01000010
    82  81			  	dta %10000001
    83  81			  	dta %10000001
    84  81			  	dta %10000001
    85  81			  	dta %10000001
    86  81			  	dta %10000001
    87  81			  	dta %10000001
    88  50			  	dta %01010000
    89  02			  	dta %00000010
    90  30			  	dta %00110000
    91  30			  	dta %00110000
    92  00			  	dta %00000000
    93
    94 				@CIRCLE_6
    95  00			  	dta %00000000
    96  18			  	dta %00011000
    97  24			  	dta %00100100
    98  42			  	dta %01000010
    99  42			  	dta %01000010
   100  81			  	dta %10000001
   101  81			  	dta %10000001
   102  81			  	dta %10000001
   103  81			  	dta %10000001
   104  81			  	dta %10000001
   105  91			  	dta %10010001
   106  02			  	dta %00000010
   107  60			  	dta %01100000
   108  64			  	dta %01100100
   109  00			  	dta %00000000
   110  00			  	dta %00000000
   111
   112 				@CIRCLE_7
   113  00			  	dta %00000000
   114  18			  	dta %00011000
   115  24			  	dta %00100100
   116  42			  	dta %01000010
   117  42			  	dta %01000010
   118  81			  	dta %10000001
   119  81			  	dta %10000001
   120  81			  	dta %10000001
   121  81			  	dta %10000001
   122  11			  	dta %00010001
   123  C1			  	dta %11000001
   124  C2			  	dta %11000010
   125  02			  	dta %00000010
   126  04			  	dta %00000100
   127  10			  	dta %00010000
   128  00			  	dta %00000000
   129
   130 				@CIRCLE_8
   131  00			  	dta %00000000
   132  18			  	dta %00011000
   133  24			  	dta %00100100
   134  42			  	dta %01000010
   135  42			  	dta %01000010
   136  81			  	dta %10000001
   137  81			  	dta %10000001
   138  01			  	dta %00000001
   139  D1			  	dta %11010001
   140  C1			  	dta %11000001
   141  01			  	dta %00000001
   142  02			  	dta %00000010
   143  42			  	dta %01000010
   144  04			  	dta %00000100
   145  18			  	dta %00011000
   146  00			  	dta %00000000
   147
   148 				@CIRCLE_9
   149  00			  	dta %00000000
   150  18			  	dta %00011000
   151  24			  	dta %00100100
   152  42			  	dta %01000010
   153  42			  	dta %01000010
   154  01			  	dta %00000001
   155  C1			  	dta %11000001
   156  D1			  	dta %11010001
   157  01			  	dta %00000001
   158  01			  	dta %00000001
   159  81			  	dta %10000001
   160  02			  	dta %00000010
   161  42			  	dta %01000010
   162  24			  	dta %00100100
   163  18			  	dta %00011000
   164  00			  	dta %00000000
   165
   166 				@CIRCLE_10
   167  00			  	dta %00000000
   168  18			  	dta %00011000
   169  24			  	dta %00100100
   170  02			  	dta %00000010
   171  C2			  	dta %11000010
   172  C1			  	dta %11000001
   173  11			  	dta %00010001
   174  01			  	dta %00000001
   175  81			  	dta %10000001
   176  01			  	dta %00000001
   177  81			  	dta %10000001
   178  42			  	dta %01000010
   179  42			  	dta %01000010
   180  24			  	dta %00100100
   181  18			  	dta %00011000
   182  00			  	dta %00000000
   183
   184 				@CIRCLE_11
   185  00			  	dta %00000000
   186  08			  	dta %00001000
   187  64			  	dta %01100100
   188  62			  	dta %01100010
   189  02			  	dta %00000010
   190  11			  	dta %00010001
   191  81			  	dta %10000001
   192  01			  	dta %00000001
   193  81			  	dta %10000001
   194  81			  	dta %10000001
   195  81			  	dta %10000001
   196  42			  	dta %01000010
   197  42			  	dta %01000010
   198  24			  	dta %00100100
   199  18			  	dta %00011000
   200  00			  	dta %00000000
   201
   202 				@CIRCLE_12
   203  00			  	dta %00000000
   204  30			  	dta %00110000
   205  34			  	dta %00110100
   206  02			  	dta %00000010
   207  12			  	dta %00010010
   208  81			  	dta %10000001
   209  01			  	dta %00000001
   210  81			  	dta %10000001
   211  81			  	dta %10000001
   212  81			  	dta %10000001
   213  81			  	dta %10000001
   214  42			  	dta %01000010
   215  42			  	dta %01000010
   216  24			  	dta %00100100
   217  18			  	dta %00011000
   218  00			  	dta %00000000
   219
   220 				@CIRCLE_13
   221  00			  	dta %00000000
   222  0C			  	dta %00001100
   223  0C			  	dta %00001100
   224  40			  	dta %01000000
   225  0A			  	dta %00001010
   226  81			  	dta %10000001
   227  81			  	dta %10000001
   228  81			  	dta %10000001
   229  81			  	dta %10000001
   230  81			  	dta %10000001
   231  81			  	dta %10000001
   232  42			  	dta %01000010
   233  42			  	dta %01000010
   234  24			  	dta %00100100
   235  18			  	dta %00011000
   236  00			  	dta %00000000
   237
   238 				@CIRCLE_14
   239  00			  	dta %00000000
   240  00			  	dta %00000000
   241  26			  	dta %00100110
   242  06			  	dta %00000110
   243  40			  	dta %01000000
   244  89			  	dta %10001001
   245  81			  	dta %10000001
   246  81			  	dta %10000001
   247  81			  	dta %10000001
   248  81			  	dta %10000001
   249  81			  	dta %10000001
   250  42			  	dta %01000010
   251  42			  	dta %01000010
   252  24			  	dta %00100100
   253  18			  	dta %00011000
   254  00			  	dta %00000000
   255
   256 				@CIRCLE_15
   257  00			  	dta %00000000
   258  08			  	dta %00001000
   259  20			  	dta %00100000
   260  40			  	dta %01000000
   261  43			  	dta %01000011
   262  8B			  	dta %10001011
   263  80			  	dta %10000000
   264  81			  	dta %10000001
   265  81			  	dta %10000001
   266  81			  	dta %10000001
   267  81			  	dta %10000001
   268  42			  	dta %01000010
   269  42			  	dta %01000010
   270  24			  	dta %00100100
   271  18			  	dta %00011000
   272  00			  	dta %00000000
   273
   274 				@CIRCLE_16
   275  00			  	dta %00000000
   276  18			  	dta %00011000
   277  20			  	dta %00100000
   278  42			  	dta %01000010
   279  40			  	dta %01000000
   280  80			  	dta %10000000
   281  83			  	dta %10000011
   282  8B			  	dta %10001011
   283  80			  	dta %10000000
   284  81			  	dta %10000001
   285  81			  	dta %10000001
   286  42			  	dta %01000010
   287  42			  	dta %01000010
   288  24			  	dta %00100100
   289  18			  	dta %00011000
   290  00			  	dta %00000000
