mads 2.1.6 build 32 (2 Jan 23)
Source: D:\!Delphi\mads\examples\Rocking-Robot-1k-main\rocking_robot.asm
     1
     2 					org $80
     3 = 0080			position	.ds 1
     4 FFFF> 02E0-02E1> 04 2C		run code
     5 0081				org $2000
     6 2000			song_data
     7 				        	;ins 'mlat.9st' ;following data is the contents of mlat.9st:
     8 2000-2E72> 00 78 78 78 + group0	dta $00,$78,$78,$78,$78,$78,$00,$4B,$4B,$4B,$4B,$4B
     9 200C 00 78 78 78 78 78 + 	dta $00,$78,$78,$78,$78,$78,$00,$78,$78,$78,$78,$78
    10 2018 00 78 78 78 78 78 + 	dta $00,$78,$78,$78,$78,$78,$00,$78,$78,$78,$78,$78
    11 2024 00 50 50 50 50 50 + 	dta $00,$50,$50,$50,$50,$50,$00,$78,$78,$78,$78,$78
    12 2030 00 5A 5A 5A 5A 5A + 	dta $00,$5A,$5A,$5A,$5A,$5A,$00,$4B,$4B,$4B,$4B,$4B
    13 203C 00 50 50 50 50 50 + 	dta $00,$50,$50,$50,$50,$50,$00,$4B,$4B,$4B,$4B,$4B
    14 2048 00 50 50 50 50 50 + 	dta $00,$50,$50,$50,$50,$50,$00,$4B,$4B,$4B,$4B,$4B
    15 2054 00 50 50 00 4B 4B + 	dta $00,$50,$50,$00,$4B,$4B,$00,$50,$50,$50,$50,$50
    16 2060 00 78 78 78 78 78 + 	dta $00,$78,$78,$78,$78,$78,$00,$4B,$4B,$4B,$4B,$4B
    17 206C 00 78 78 78 78 78 + 	dta $00,$78,$78,$78,$78,$78,$00,$78,$78,$78,$78,$78
    18 2078 00 78 78 78 78 78 + 	dta $00,$78,$78,$78,$78,$78,$00,$78,$78,$78,$78,$78
    19 2084 00 50 50 50 50 50 + 	dta $00,$50,$50,$50,$50,$50,$00,$78,$78,$78,$78,$78
    20 2090 00 50 50 50 50 50 + 	dta $00,$50,$50,$50,$50,$50,$00,$4B,$4B,$4B,$4B,$4B
    21 209C 00 50 50 50 50 50 + 	dta $00,$50,$50,$50,$50,$50,$00,$4B,$4B,$4B,$4B,$4B
    22 20A8 00 43 43 43 43 43 + 	dta $00,$43,$43,$43,$43,$43,$00,$4B,$4B,$4B,$4B,$4B
    23 20B4 00 4B 4B 00 50 50 + 	dta $00,$4B,$4B,$00,$50,$50,$00,$4B,$4B,$4B,$4B,$4B
    24 20C0 81 AF A8 A6 A6 A6 + group1	dta $81,$AF,$A8,$A6,$A6,$A6,$80,$A2,$A1,$A1,$A1,$A1
    25 20CC 80 A4 A2 A2 A2 A2 + 	dta $80,$A4,$A2,$A2,$A2,$A2,$81,$AF,$A8,$A6,$A6,$A6
    26 20D8 80 A1 A1 A0 A0 A0 + 	dta $80,$A1,$A1,$A0,$A0,$A0,$80,$A4,$A2,$A2,$A2,$A2
    27 20E4 81 AF A8 A6 A6 A6 + 	dta $81,$AF,$A8,$A6,$A6,$A6,$80,$A1,$A1,$A0,$A0,$A0
    28 20F0 80 A4 A2 A2 A2 A2 + 	dta $80,$A4,$A2,$A2,$A2,$A2,$81,$AF,$A8,$A6,$A6,$A6
    29 20FC 80 A2 A1 A1 A1 A1 + 	dta $80,$A2,$A1,$A1,$A1,$A1,$80,$A4,$A2,$A2,$A2,$A2
    30 2108 81 AF A8 A6 A6 A6 + 	dta $81,$AF,$A8,$A6,$A6,$A6,$80,$A2,$A1,$A1,$A1,$A1
    31 2114 81 AF A8 81 AF A8 + 	dta $81,$AF,$A8,$81,$AF,$A8,$80,$A4,$A2,$A2,$A2,$A2
    32 2120 81 AF A8 A6 A6 A6 + 	dta $81,$AF,$A8,$A6,$A6,$A6,$80,$A2,$A1,$A1,$A1,$A1
    33 212C 80 A4 A2 A2 A2 A2 + 	dta $80,$A4,$A2,$A2,$A2,$A2,$81,$AF,$A8,$A6,$A6,$A6
    34 2138 80 A1 A1 A0 A0 A0 + 	dta $80,$A1,$A1,$A0,$A0,$A0,$80,$A4,$A2,$A2,$A2,$A2
    35 2144 81 AF A8 A6 A6 A6 + 	dta $81,$AF,$A8,$A6,$A6,$A6,$80,$A1,$A1,$A0,$A0,$A0
    36 2150 80 A4 A2 A2 A2 A2 + 	dta $80,$A4,$A2,$A2,$A2,$A2,$81,$AF,$A8,$A6,$A6,$A6
    37 215C 80 A2 A1 A1 A1 A1 + 	dta $80,$A2,$A1,$A1,$A1,$A1,$80,$A4,$A2,$A2,$A2,$A2
    38 2168 81 AF A8 A6 A6 A6 + 	dta $81,$AF,$A8,$A6,$A6,$A6,$80,$A2,$A1,$A1,$A1,$A1
    39 2174 81 AF A8 80 A2 A1 + 	dta $81,$AF,$A8,$80,$A2,$A1,$81,$AC,$A6,$A1,$A1,$A1
    40 2180 7F 7F 7F 7F 7F 7F + group2	dta $7F,$7F,$7F,$7F,$7F,$7F,$7F,$7F,$7F,$7F,$7F,$7F
    41 218C 7F 7F 7F 7F 7F 7F + 	dta $7F,$7F,$7F,$7F,$7F,$7F,$7F,$7F,$7F,$7F,$7F,$7F
    42 2198 7F 7F 7F 7F 7F 7F + 	dta $7F,$7F,$7F,$7F,$7F,$7F,$7F,$7F,$7F,$7F,$7F,$7F
    43 21A4 7F 7F 7F 7F 7F 7F + 	dta $7F,$7F,$7F,$7F,$7F,$7F,$7F,$7F,$7F,$7F,$7F,$7F
    44 21B0 7F 7F 7F 7F 7F 7F + 	dta $7F,$7F,$7F,$7F,$7F,$7F,$7F,$7F,$7F,$7F,$7F,$7F
    45 21BC 7F 7F 7F 7F 7F 7F + 	dta $7F,$7F,$7F,$7F,$7F,$7F,$7F,$7F,$7F,$7F,$7F,$7F
    46 21C8 7F 7F 7F 7F 7F 7F + 	dta $7F,$7F,$7F,$7F,$7F,$7F,$7F,$7F,$7F,$7F,$7F,$7F
    47 21D4 7F 7F 7F 7F 7F 7F + 	dta $7F,$7F,$7F,$7F,$7F,$7F,$7F,$7F,$7F,$7F,$7F,$7F
    48 21E0 7F 7F 7F 7F 7F 7F + 	dta $7F,$7F,$7F,$7F,$7F,$7F,$7F,$7F,$7F,$7F,$7F,$7F
    49 21EC 7F 7F 7F 7F 7F 7F + 	dta $7F,$7F,$7F,$7F,$7F,$7F,$7F,$7F,$7F,$7F,$7F,$7F
    50 21F8 7F 7F 7F 7F 7F 7F + 	dta $7F,$7F,$7F,$7F,$7F,$7F,$7F,$7F,$7F,$7F,$7F,$7F
    51 2204 7F 7F 7F 7F 7F 7F + 	dta $7F,$7F,$7F,$7F,$7F,$7F,$7F,$7F,$7F,$7F,$7F,$7F
    52 2210 7F 7F 7F 7F 7F 7F + 	dta $7F,$7F,$7F,$7F,$7F,$7F,$7F,$7F,$7F,$7F,$7F,$7F
    53 221C 7F 7F 7F 7F 7F 7F + 	dta $7F,$7F,$7F,$7F,$7F,$7F,$7F,$7F,$7F,$7F,$7F,$7F
    54 2228 7F 7F 7F 7F 7F 7F + 	dta $7F,$7F,$7F,$7F,$7F,$7F,$7F,$7F,$7F,$7F,$7F,$7F
    55 2234 7F 7F 7F 7F 7F 7F + 	dta $7F,$7F,$7F,$7F,$7F,$7F,$7F,$7F,$7F,$7F,$7F,$7F
    56 2240 C4 C4 C4 C4 C4 C4 + group3	dta $C4,$C4,$C4,$C4,$C4,$C4,$C4,$C4,$C4,$C4,$C4,$C4
    57 224C C4 C4 C4 C4 C4 C4 + 	dta $C4,$C4,$C4,$C4,$C4,$C4,$C4,$C4,$C4,$C4,$C4,$C4
    58 2258 C4 C4 C4 C4 C4 C4 + 	dta $C4,$C4,$C4,$C4,$C4,$C4,$C4,$C4,$C4,$C4,$C4,$C4
    59 2264 C4 C4 C4 C4 C4 C4 + 	dta $C4,$C4,$C4,$C4,$C4,$C4,$C4,$C4,$C4,$C4,$C4,$C4
    60 2270 C3 C3 C3 C3 C3 C3 + 	dta $C3,$C3,$C3,$C3,$C3,$C3,$C3,$C3,$C3,$C3,$C3,$C3
    61 227C C3 C3 C3 C3 C3 C3 + 	dta $C3,$C3,$C3,$C3,$C3,$C3,$C3,$C3,$C3,$C3,$C3,$C3
    62 2288 C3 C3 C3 C3 C3 C3 + 	dta $C3,$C3,$C3,$C3,$C3,$C3,$C3,$C3,$C3,$C3,$C3,$C3
    63 2294 C3 C3 C3 C3 C3 C3 + 	dta $C3,$C3,$C3,$C3,$C3,$C3,$C3,$C3,$C3,$C3,$C3,$C3
    64 22A0 C3 C3 C3 C3 C3 C3 + 	dta $C3,$C3,$C3,$C3,$C3,$C3,$C3,$C3,$C3,$C3,$C3,$C3
    65 22AC C3 C3 C3 C3 C3 C3 + 	dta $C3,$C3,$C3,$C3,$C3,$C3,$C3,$C3,$C3,$C3,$C3,$C3
    66 22B8 C3 C3 C3 C3 C3 C3 + 	dta $C3,$C3,$C3,$C3,$C3,$C3,$C3,$C3,$C3,$C3,$C3,$C3
    67 22C4 C3 C3 C3 C3 C3 C3 + 	dta $C3,$C3,$C3,$C3,$C3,$C3,$C3,$C3,$C3,$C3,$C3,$C3
    68 22D0 C3 C3 C3 C3 C3 C3 + 	dta $C3,$C3,$C3,$C3,$C3,$C3,$C3,$C3,$C3,$C3,$C3,$C3
    69 22DC C3 C3 C3 C3 C3 C3 + 	dta $C3,$C3,$C3,$C3,$C3,$C3,$C3,$C3,$C3,$C3,$C3,$C3
    70 22E8 C3 C3 C3 C3 C3 C3 + 	dta $C3,$C3,$C3,$C3,$C3,$C3,$C3,$C3,$C2,$C2,$C2,$C2
    71 22F4 C2 C2 C2 C2 C2 C2 + 	dta $C2,$C2,$C2,$C2,$C2,$C2,$C2,$C2,$C2,$C2,$C2,$C2
    72 2300 00 76 78 78 78 78 + group4	dta $00,$76,$78,$78,$78,$78,$00,$49,$4B,$4B,$4B,$4B
    73 230C 00 76 78 78 78 78 + 	dta $00,$76,$78,$78,$78,$78,$00,$76,$78,$78,$78,$78
    74 2318 00 76 78 78 78 78 + 	dta $00,$76,$78,$78,$78,$78,$00,$76,$78,$78,$78,$78
    75 2324 00 4E 50 50 50 50 + 	dta $00,$4E,$50,$50,$50,$50,$00,$76,$78,$78,$78,$78
    76 2330 00 58 5A 5A 5A 5A + 	dta $00,$58,$5A,$5A,$5A,$5A,$00,$49,$4B,$4B,$4B,$4B
    77 233C 00 4E 50 50 50 50 + 	dta $00,$4E,$50,$50,$50,$50,$00,$49,$4B,$4B,$4B,$4B
    78 2348 00 4E 50 50 50 50 + 	dta $00,$4E,$50,$50,$50,$50,$00,$49,$4B,$4B,$4B,$4B
    79 2354 00 4E 50 00 49 4B + 	dta $00,$4E,$50,$00,$49,$4B,$00,$4E,$50,$50,$50,$50
    80 2360 00 76 78 78 78 78 + 	dta $00,$76,$78,$78,$78,$78,$00,$49,$4B,$4B,$4B,$4B
    81 236C 00 76 78 78 78 78 + 	dta $00,$76,$78,$78,$78,$78,$00,$76,$78,$78,$78,$78
    82 2378 00 76 78 78 78 78 + 	dta $00,$76,$78,$78,$78,$78,$00,$76,$78,$78,$78,$78
    83 2384 00 4E 50 50 50 50 + 	dta $00,$4E,$50,$50,$50,$50,$00,$76,$78,$78,$78,$78
    84 2390 00 4E 50 50 50 50 + 	dta $00,$4E,$50,$50,$50,$50,$00,$49,$4B,$4B,$4B,$4B
    85 239C 00 4E 50 50 50 50 + 	dta $00,$4E,$50,$50,$50,$50,$00,$49,$4B,$4B,$4B,$4B
    86 23A8 00 41 43 43 43 43 + 	dta $00,$41,$43,$43,$43,$43,$00,$49,$4B,$4B,$4B,$4B
    87 23B4 00 49 4B 00 4E 50 + 	dta $00,$49,$4B,$00,$4E,$50,$00,$49,$4B,$4B,$4B,$4B
    88 23C0 81 AF A8 A6 A6 A6 + group5	dta $81,$AF,$A8,$A6,$A6,$A6,$80,$A2,$A1,$A1,$A1,$A1
    89 23CC 80 A4 A2 A2 A2 A2 + 	dta $80,$A4,$A2,$A2,$A2,$A2,$81,$AF,$A8,$A6,$A6,$A6
    90 23D8 80 A1 A1 A0 A0 A0 + 	dta $80,$A1,$A1,$A0,$A0,$A0,$80,$A4,$A2,$A2,$A2,$A2
    91 23E4 81 AF A8 A6 A6 A6 + 	dta $81,$AF,$A8,$A6,$A6,$A6,$80,$A1,$A1,$A0,$A0,$A0
    92 23F0 80 A4 A2 A2 A2 A2 + 	dta $80,$A4,$A2,$A2,$A2,$A2,$81,$AF,$A8,$A6,$A6,$A6
    93 23FC 80 A2 A1 A1 A1 A1 + 	dta $80,$A2,$A1,$A1,$A1,$A1,$80,$A4,$A2,$A2,$A2,$A2
    94 2408 81 AF A8 A6 A6 A6 + 	dta $81,$AF,$A8,$A6,$A6,$A6,$80,$A2,$A1,$A1,$A1,$A1
    95 2414 81 AF A8 81 AF A8 + 	dta $81,$AF,$A8,$81,$AF,$A8,$80,$A4,$A2,$A2,$A2,$A2
    96 2420 81 AF A8 A6 A6 A6 + 	dta $81,$AF,$A8,$A6,$A6,$A6,$80,$A2,$A1,$A1,$A1,$A1
    97 242C 80 A4 A2 A2 A2 A2 + 	dta $80,$A4,$A2,$A2,$A2,$A2,$81,$AF,$A8,$A6,$A6,$A6
    98 2438 80 A1 A1 A0 A0 A0 + 	dta $80,$A1,$A1,$A0,$A0,$A0,$80,$A4,$A2,$A2,$A2,$A2
    99 2444 81 AF A8 A6 A6 A6 + 	dta $81,$AF,$A8,$A6,$A6,$A6,$80,$A1,$A1,$A0,$A0,$A0
   100 2450 80 A4 A2 A2 A2 A2 + 	dta $80,$A4,$A2,$A2,$A2,$A2,$81,$AF,$A8,$A6,$A6,$A6
   101 245C 80 A2 A1 A1 A1 A1 + 	dta $80,$A2,$A1,$A1,$A1,$A1,$80,$A4,$A2,$A2,$A2,$A2
   102 2468 81 AF A8 A6 A6 A6 + 	dta $81,$AF,$A8,$A6,$A6,$A6,$80,$A2,$A1,$A1,$A1,$A1
   103 2474 81 AF A8 80 A2 A1 + 	dta $81,$AF,$A8,$80,$A2,$A1,$81,$AC,$A6,$A1,$A1,$A1
   104 2480 11 D0 E0 F0 F8 04 + group6	dta $11,$D0,$E0,$F0,$F8,$04,$00,$01,$02,$00,$11,$11
   105 248C 11 11 11 11 11 11 + 	dta $11,$11,$11,$11,$11,$11,$00,$01,$02,$00,$11,$11
   106 2498 11 D0 E0 F0 F8 04 + 	dta $11,$D0,$E0,$F0,$F8,$04,$02,$00,$01,$00,$00,$00
   107 24A4 11 11 11 11 11 11 + 	dta $11,$11,$11,$11,$11,$11,$00,$01,$02,$00,$01,$02
   108 24B0 11 D0 E0 F0 F8 04 + 	dta $11,$D0,$E0,$F0,$F8,$04,$02,$00,$01,$00,$00,$00
   109 24BC 11 11 11 11 11 11 + 	dta $11,$11,$11,$11,$11,$11,$02,$00,$01,$00,$00,$00
   110 24C8 11 D0 E0 F0 F8 04 + 	dta $11,$D0,$E0,$F0,$F8,$04,$02,$00,$01,$00,$00,$00
   111 24D4 11 11 11 11 11 11 + 	dta $11,$11,$11,$11,$11,$11,$02,$00,$01,$00,$00,$00
   112 24E0 11 D0 E0 F0 F8 04 + 	dta $11,$D0,$E0,$F0,$F8,$04,$00,$01,$02,$00,$11,$11
   113 24EC 11 11 11 11 11 11 + 	dta $11,$11,$11,$11,$11,$11,$00,$01,$02,$00,$11,$11
   114 24F8 11 D0 E0 F0 F8 04 + 	dta $11,$D0,$E0,$F0,$F8,$04,$02,$00,$01,$00,$00,$00
   115 2504 11 11 11 11 11 11 + 	dta $11,$11,$11,$11,$11,$11,$00,$01,$02,$00,$01,$02
   116 2510 11 D0 E0 F0 F8 04 + 	dta $11,$D0,$E0,$F0,$F8,$04,$02,$00,$01,$00,$00,$00
   117 251C 11 11 11 11 11 11 + 	dta $11,$11,$11,$11,$11,$11,$02,$00,$01,$00,$00,$00
   118 2528 11 D0 E0 F0 F8 04 + 	dta $11,$D0,$E0,$F0,$F8,$04,$02,$00,$01,$00,$00,$00
   119 2534 11 11 11 11 11 11 + 	dta $11,$11,$11,$11,$11,$11,$02,$00,$01,$00,$00,$00
   120 2540 0F AF AD AB A7 04 + group7	dta $0F,$AF,$AD,$AB,$A7,$04,$85,$83,$82,$81,$81,$A1
   121 254C 05 86 04 02 00 00 + 	dta $05,$86,$04,$02,$00,$00,$8A,$86,$84,$82,$81,$A1
   122 2558 0F AF AD AB A7 04 + 	dta $0F,$AF,$AD,$AB,$A7,$04,$85,$84,$82,$01,$00,$00
   123 2564 05 86 04 02 00 00 + 	dta $05,$86,$04,$02,$00,$00,$88,$85,$83,$8A,$86,$84
   124 2570 0F AF AD AB A7 04 + 	dta $0F,$AF,$AD,$AB,$A7,$04,$85,$84,$82,$01,$00,$00
   125 257C 05 86 04 02 00 00 + 	dta $05,$86,$04,$02,$00,$00,$8A,$87,$83,$01,$00,$00
   126 2588 0F AF AD AB A7 04 + 	dta $0F,$AF,$AD,$AB,$A7,$04,$85,$84,$82,$01,$00,$00
   127 2594 05 86 04 02 00 00 + 	dta $05,$86,$04,$02,$00,$00,$88,$86,$82,$01,$00,$00
   128 25A0 0F AF AD AB A7 04 + 	dta $0F,$AF,$AD,$AB,$A7,$04,$85,$83,$82,$81,$81,$A1
   129 25AC 05 86 04 02 00 00 + 	dta $05,$86,$04,$02,$00,$00,$8A,$86,$84,$82,$81,$A1
   130 25B8 0F AF AD AB A7 04 + 	dta $0F,$AF,$AD,$AB,$A7,$04,$85,$84,$82,$01,$00,$00
   131 25C4 05 86 04 02 00 00 + 	dta $05,$86,$04,$02,$00,$00,$88,$85,$83,$8A,$86,$84
   132 25D0 0F AF AD AB A7 04 + 	dta $0F,$AF,$AD,$AB,$A7,$04,$85,$84,$82,$01,$00,$00
   133 25DC 05 86 04 02 00 00 + 	dta $05,$86,$04,$02,$00,$00,$8A,$87,$83,$01,$00,$00
   134 25E8 0F AF AD AB A7 04 + 	dta $0F,$AF,$AD,$AB,$A7,$04,$85,$84,$82,$01,$00,$00
   135 25F4 05 86 04 02 00 00 + 	dta $05,$86,$04,$02,$00,$00,$88,$86,$82,$01,$00,$00
   136 2600 04 04 04 04 04 04 + group8	dta $04,$04,$04,$04,$04,$04,$00,$04,$04,$04,$04,$04
   137 260C 00 04 04 04 04 04 + 	dta $00,$04,$04,$04,$04,$04,$04,$04,$04,$04,$04,$04
   138 2618 00 04 04 00 00 00 + 	dta $00,$04,$04,$00,$00,$00,$00,$04,$04,$04,$04,$04
   139 2624 04 04 04 04 04 04 + 	dta $04,$04,$04,$04,$04,$04,$00,$04,$04,$00,$00,$00
   140 2630 00 04 04 04 04 04 + 	dta $00,$04,$04,$04,$04,$04,$04,$04,$04,$04,$04,$04
   141 263C 00 04 04 04 04 04 + 	dta $00,$04,$04,$04,$04,$04,$00,$04,$04,$04,$04,$04
   142 2648 04 04 04 04 04 04 + 	dta $04,$04,$04,$04,$04,$04,$00,$04,$04,$04,$04,$04
   143 2654 04 04 04 04 04 04 + 	dta $04,$04,$04,$04,$04,$04,$00,$04,$04,$04,$04,$04
   144 2660 04 04 04 04 04 04 + 	dta $04,$04,$04,$04,$04,$04,$00,$04,$04,$04,$04,$04
   145 266C 00 04 04 04 04 04 + 	dta $00,$04,$04,$04,$04,$04,$04,$04,$04,$04,$04,$04
   146 2678 00 04 04 00 00 00 + 	dta $00,$04,$04,$00,$00,$00,$00,$04,$04,$04,$04,$04
   147 2684 04 04 04 04 04 04 + 	dta $04,$04,$04,$04,$04,$04,$00,$04,$04,$00,$00,$00
   148 2690 00 04 04 04 04 04 + 	dta $00,$04,$04,$04,$04,$04,$04,$04,$04,$04,$04,$04
   149 269C 00 04 04 04 04 04 + 	dta $00,$04,$04,$04,$04,$04,$00,$04,$04,$04,$04,$04
   150 26A8 04 04 04 04 04 04 + 	dta $04,$04,$04,$04,$04,$04,$00,$04,$04,$04,$04,$04
   151 26B4 04 04 04 00 04 04 + 	dta $04,$04,$04,$00,$04,$04,$04,$04,$04,$04,$04,$04
   152
   153 26C0			song_end
   154
   155 26C0 00 00 00 00 00 00 + 	.align $100,0
   156
   157 2700 00 00 00 00 00 00 + gfx	ins "krp5b.dat"
   158 2C00 00 00 00 00		:4	dta 0
   159
   160 2C04 A9 44 8D 30 02 A9 + code	mwa #dl $230
   161 2C0E A9 80 8D 6F 02		mva #$80 $26f 
   162 2C13 A9 21 8D 2F 02		mva #32+1 559
   163 2C18 A0 03			ldy #3
   164 2C1A 8C 0F D2			sty $d20f	;init pokey
   165 2C1D A2 07			ldx #7
   166 2C1F BD 3C 2C		@	lda clrs,x
   167 2C22 9D C0 02			sta $2c0,x
   168 2C25 CA				dex 
   169 2C26 10 F7			bpl @-
   170
   171 2C28 4C 12 2E			jmp music_start
   172 2C2B 26			cnt	dta 38	
   173
   174 2C2C 10 20 40 60 70 70 + ud	dta $10,$20,$40,$60,$70,$70,$80,$80
   175 2C34 80 80 70 70 50 30 + 	dta $80,$80,$70,$70,$50,$30,$10,$10
   176 2C3C 0E 0C 0A 78 74 04 + clrs	dta $0e,$0c,$0a,$78,$74,$04,$7a,$00
   177
   178 2C44 70 70 70		dl	dta $70,$70,$70
   179 				.rept 38,#
   180 				?R = #
   181 				:4	DTA $4F+$10,A(GFX+?R*32)
   182 				.endr
Source: REPT
   180 = 0000			?R = #
   180 2C47 5F 00 27 5F 00 27 + :4	DTA $4F+$10,A(GFX+?R*32)
   180 = 0001			?R = #
   180 2C53 5F 20 27 5F 20 27 + :4	DTA $4F+$10,A(GFX+?R*32)
   180 = 0002			?R = #
   180 2C5F 5F 40 27 5F 40 27 + :4	DTA $4F+$10,A(GFX+?R*32)
   180 = 0003			?R = #
   180 2C6B 5F 60 27 5F 60 27 + :4	DTA $4F+$10,A(GFX+?R*32)
   180 = 0004			?R = #
   180 2C77 5F 80 27 5F 80 27 + :4	DTA $4F+$10,A(GFX+?R*32)
   180 = 0005			?R = #
   180 2C83 5F A0 27 5F A0 27 + :4	DTA $4F+$10,A(GFX+?R*32)
   180 = 0006			?R = #
   180 2C8F 5F C0 27 5F C0 27 + :4	DTA $4F+$10,A(GFX+?R*32)
   180 = 0007			?R = #
   180 2C9B 5F E0 27 5F E0 27 + :4	DTA $4F+$10,A(GFX+?R*32)
   180 = 0008			?R = #
   180 2CA7 5F 00 28 5F 00 28 + :4	DTA $4F+$10,A(GFX+?R*32)
   180 = 0009			?R = #
   180 2CB3 5F 20 28 5F 20 28 + :4	DTA $4F+$10,A(GFX+?R*32)
   180 = 000A			?R = #
   180 2CBF 5F 40 28 5F 40 28 + :4	DTA $4F+$10,A(GFX+?R*32)
   180 = 000B			?R = #
   180 2CCB 5F 60 28 5F 60 28 + :4	DTA $4F+$10,A(GFX+?R*32)
   180 = 000C			?R = #
   180 2CD7 5F 80 28 5F 80 28 + :4	DTA $4F+$10,A(GFX+?R*32)
   180 = 000D			?R = #
   180 2CE3 5F A0 28 5F A0 28 + :4	DTA $4F+$10,A(GFX+?R*32)
   180 = 000E			?R = #
   180 2CEF 5F C0 28 5F C0 28 + :4	DTA $4F+$10,A(GFX+?R*32)
   180 = 000F			?R = #
   180 2CFB 5F E0 28 5F E0 28 + :4	DTA $4F+$10,A(GFX+?R*32)
   180 = 0010			?R = #
   180 2D07 5F 00 29 5F 00 29 + :4	DTA $4F+$10,A(GFX+?R*32)
   180 = 0011			?R = #
   180 2D13 5F 20 29 5F 20 29 + :4	DTA $4F+$10,A(GFX+?R*32)
   180 = 0012			?R = #
   180 2D1F 5F 40 29 5F 40 29 + :4	DTA $4F+$10,A(GFX+?R*32)
   180 = 0013			?R = #
   180 2D2B 5F 60 29 5F 60 29 + :4	DTA $4F+$10,A(GFX+?R*32)
   180 = 0014			?R = #
   180 2D37 5F 80 29 5F 80 29 + :4	DTA $4F+$10,A(GFX+?R*32)
   180 = 0015			?R = #
   180 2D43 5F A0 29 5F A0 29 + :4	DTA $4F+$10,A(GFX+?R*32)
   180 = 0016			?R = #
   180 2D4F 5F C0 29 5F C0 29 + :4	DTA $4F+$10,A(GFX+?R*32)
   180 = 0017			?R = #
   180 2D5B 5F E0 29 5F E0 29 + :4	DTA $4F+$10,A(GFX+?R*32)
   180 = 0018			?R = #
   180 2D67 5F 00 2A 5F 00 2A + :4	DTA $4F+$10,A(GFX+?R*32)
   180 = 0019			?R = #
   180 2D73 5F 20 2A 5F 20 2A + :4	DTA $4F+$10,A(GFX+?R*32)
   180 = 001A			?R = #
   180 2D7F 5F 40 2A 5F 40 2A + :4	DTA $4F+$10,A(GFX+?R*32)
   180 = 001B			?R = #
   180 2D8B 5F 60 2A 5F 60 2A + :4	DTA $4F+$10,A(GFX+?R*32)
   180 = 001C			?R = #
   180 2D97 5F 80 2A 5F 80 2A + :4	DTA $4F+$10,A(GFX+?R*32)
   180 = 001D			?R = #
   180 2DA3 5F A0 2A 5F A0 2A + :4	DTA $4F+$10,A(GFX+?R*32)
   180 = 001E			?R = #
   180 2DAF 5F C0 2A 5F C0 2A + :4	DTA $4F+$10,A(GFX+?R*32)
   180 = 001F			?R = #
   180 2DBB 5F E0 2A 5F E0 2A + :4	DTA $4F+$10,A(GFX+?R*32)
   180 = 0020			?R = #
   180 2DC7 5F 00 2B 5F 00 2B + :4	DTA $4F+$10,A(GFX+?R*32)
   180 = 0021			?R = #
   180 2DD3 5F 20 2B 5F 20 2B + :4	DTA $4F+$10,A(GFX+?R*32)
   180 = 0022			?R = #
   180 2DDF 5F 40 2B 5F 40 2B + :4	DTA $4F+$10,A(GFX+?R*32)
   180 = 0023			?R = #
   180 2DEB 5F 60 2B 5F 60 2B + :4	DTA $4F+$10,A(GFX+?R*32)
   180 = 0024			?R = #
   180 2DF7 5F 80 2B 5F 80 2B + :4	DTA $4F+$10,A(GFX+?R*32)
   180 = 0025			?R = #
   180 2E03 5F A0 2B 5F A0 2B + :4	DTA $4F+$10,A(GFX+?R*32)
Source: D:\!Delphi\mads\examples\Rocking-Robot-1k-main\rocking_robot.asm
   183 2E0F 41 44 2C			dta $41,a(dl)
   184
   185 				;music player
   186 2E12			music_start
   187 2E12 A9 00 85 80			mva #0 position
   188 2E16 85 4D			sta $4d	;attract
   189 2E18 A5 14 C5 14 F0 FC	loop	lda:cmp:req 20
   190 2E1E 29 1F			and #$1f
   191 2E20 4A				lsr @
   192 2E21 AA				tax
   193 2E22 BD 2C 2C			lda ud,x
   194 2E25 8D 44 2C			sta dl
   195 2E28 4A 4A 4A 4A		:4	lsr @
   196 2E2C 29 FE			and #$fe
   197 2E2E 8D 04 D4			sta $d404 ;hscrol
   198 					
   199 2E31 A6 80			ldx position
   200 2E33 BD 00 20 8D 00 D2 + :9	mva song_data+192*#,x $d200+#  ;due to some small bug #193 required for binary file mlat.9st
   201 2E69 E6 80			inc position
   202 2E6B A5 80			lda position
   203 2E6D C9 C0			cmp #192
   204 2E6F D0 A7			bne loop
   205 2E71 F0 9F			beq music_start
   206
