mads 2.1.6 build 9 (30 Aug 22)
Source: D:\!Delphi\mads\examples\_new\kefrens\kefrens_1st_twt.xsm
     1 						opt	h+
     2
     3 = 0600			sine		equ	$600
     4 = 0000			line		equ	$00
     5
     6 						org	$100
     7
     8 FFFF> 0100-012F> EE 0E + init		inc	$d40e
     9
    10 0103 A0 00				ldy	#$00
    11 				;		tay					; when calling from TBXL we have #0 in A reg.
    12
    13 0105 EE 1A D0				inc	$d01a				; set background color
    14
    15 0108 A2 50				ldx	#zp_code_end-zp_code_str
    16 010A 8E 1B D0				stx	$d01b				; switch GTIA to 16-shades mode
    17 010D BD 30 01		zp_mv		lda	zp_code_ldr,x
    18 0110 95 A8				sta	zp_code_str,x
    19 0112 CA					dex
    20 0113 10 F8				bpl	zp_mv
    21
    22 0115 A2 FC		s0		ldx	#-4
    23 0117 18					clc
    24 0118 B5 B2		s1		lda	val+4,x
    25 011A 75 B4				adc	val+6,x
    26 011C 95 B2				sta	val+4,x
    27 011E E8					inx
    28 011F D0 F7				bne	s1
    29
    30 0121 A5 AF				lda	val+1
    31 0123 99 00 06				sta	sine,y
    32 0126 49 1F				eor	#$1f
    33 0128 99 80 06				sta	sine+$80,y
    34 012B C8					iny
    35 012C 10 E7				bpl	s0
    36 012E 30 B3				bmi	go
    37
    38 0130			zp_code_ldr
    39 0130					org	r:$a8
    40 00A8			zp_code_str
    41
    42 0130-017F> 4F 08 00 01 + dl		dta	$4f,a(line+8),$01,a(dl)
    43
    44 00AE 00 00		val		dta	a(0)
    45 00B0 00 00		dlt		dta	a(0)
    46 00B2 01 00		xad		dta	a(1)
    47
    48 00B4 A0 F0		loop		ldy	#240
    49
    50 00B6 A5 BD				lda	sm0+1
    51 00B8 48					pha
    52 00B9 A5 C0				lda	sm1+1
    53 00BB 48					pha
    54
    55 00BC			kf_loop
    56 00BC AD 00 06		sm0		lda	sine
    57 00BF 6D 00 06		sm1		adc	sine
    58 00C2 AA					tax
    59
    60 00C3 A9 11				lda	#$11
    61 00C5 75 00				adc	line,x
    62 00C7 90 02				bcc	*+4
    63 00C9 A9 FF				lda	#$ff
    64
    65 00CB 95 00				sta	line,x
    66
    67 00CD E6 BD				inc	sm0+1
    68 00CF E6 BD				inc	sm0+1
    69 00D1 E6 C0				inc	sm1+1
    70
    71 00D3 8D 0A D4				sta	$d40a
    72 00D6 88					dey
    73 00D7 D0 E3				bne	kf_loop
    74
    75 00D9 68					pla
    76 00DA 69 01				adc	#+1
    77 00DC 85 C0				sta	sm1+1
    78
    79 00DE 68					pla
    80 00DF 69 FE				adc	#-2
    81 00E1 85 BD				sta	sm0+1
    82
    83 00E3 AD 0B D4		go		lda	$d40b
    84 00E6 D0 FB				bne	*-3
    85 00E8 8D 03 D4				sta	$d403
    86 00EB A2 A8				ldx	<dl
    87 00ED 8E 02 D4				stx	$d402
    88
    89 00F0 AA					tax
    90 00F1 95 00		c0		sta	line,x
    91 00F3 E8					inx
    92 00F4 10 FB				bpl	c0
    93
    94 00F6 30 BC				bmi	loop
    95 00F8			zp_code_end
