mads 2.0.1 build 19 (13 Feb 16)
Source: d:\!Delphi\mads\examples\time-date\time.asm
     1
     2 					org $2000
     3 					
     4 FFFF> 2000-20F0> 20 39 + main	jsr printf
     5 2003 64 61 74 65 3A 20 + 	dta c'date: %-%-% / %:%:%',$9b,0
     6 2018 2D 20			dta a(_year)
     7 201A 2F 20			dta a(_month)
     8 201C 31 20			dta a(_day)
     9 201E 33 20			dta a(_hour)
    10 2020 35 20			dta a(_minute)
    11 2022 37 20			dta a(_second)
    12
    13 2024 AD 0A D2		@	lda $d20a
    14 2027 8D 1A D0			sta $d01a
    15 202A 4C 24 20			jmp @-
    16 					
    17 202D E0 07		_year	dta a(year)
    18 202F 02 00		_month	dta a(month)
    19 2031 15 00		_day	dta a(day)
    20
    21 2033 0A 00		_hour	dta a(hour)
    22 2035 16 00		_minute	dta a(minute)
    23 2037 15 00		_second	dta a(second)
    24 					
    25 2039 18 68 69 01 85 32 + 	.link '..\libraries\stdio\lib\printf.obx'
    26
    27 02E0-02E1> 00 20			run main
